<?xml version="1.0" encoding="UTF-8"?>
<testng-results total="1" passed="1" failed="0" skipped="0">
  <reporter-output>
  </reporter-output>
  <suite started-at="2021-06-04T14:19:56Z" name="Suite" finished-at="2021-06-04T14:20:10Z" duration-ms="13054">
    <groups>
    </groups>
    <test started-at="2021-06-04T14:19:56Z" name="Test" finished-at="2021-06-04T14:20:10Z" duration-ms="13054">
      <class name="com.rameshsoft.testanalysis.TestDemo">
        <test-method signature="test()[pri:0, instance:com.rameshsoft.testanalysis.TestDemo@379614be]" started-at="2021-06-04T07:19:57Z" name="test" finished-at="2021-06-04T07:20:10Z" duration-ms="13027" status="PASS">
          <reporter-output>
          </reporter-output>
        </test-method> <!-- test -->
      </class> <!-- com.rameshsoft.testanalysis.TestDemo -->
    </test> <!-- Test -->
  </suite> <!-- Suite -->
</testng-results>
