<?xml version="1.0" encoding="UTF-8"?>
<testng-results total="1" passed="1" failed="0" skipped="0">
  <reporter-output>
  </reporter-output>
  <suite started-at="2021-06-04T14:16:19Z" name="Suite" finished-at="2021-06-04T14:16:34Z" duration-ms="14649">
    <groups>
    </groups>
    <test started-at="2021-06-04T14:16:19Z" name="Test" finished-at="2021-06-04T14:16:34Z" duration-ms="14649">
      <class name="com.rameshsoft.testanalysis.TestDemo">
        <test-method signature="test()[pri:0, instance:com.rameshsoft.testanalysis.TestDemo@30c8681]" started-at="2021-06-04T07:16:20Z" name="test" finished-at="2021-06-04T07:16:34Z" duration-ms="14602" status="PASS">
          <reporter-output>
          </reporter-output>
        </test-method> <!-- test -->
      </class> <!-- com.rameshsoft.testanalysis.TestDemo -->
    </test> <!-- Test -->
  </suite> <!-- Suite -->
</testng-results>
